      No|     000      157      258 |      WNS |  WCorner | PathGroup                                | InstancePin
--------+xxxxxxxx+--------+---------+----------+----------+------------------------------------------+----------------------------------------
       1|      .     -1.05       .  |    -1.05 @      157 | **clock_gating_default**                 : u_core/u_spi/u_spi_txrx/clk_gate_buf_rxd_reg/latch/E
       2|      .        .    -31.41 |   -31.41 @      258 | CLK_DDR_PHY_pub_ctl_0                    : u_ddr_phy/dfi_address[1]
       3|      .        .    -33.09 |   -33.09 @      258 | CLK_DDR_PHY_pub_ctl_0                    : u_ddr_phy/dfi_address[4]
       4|      .        .    -50.81 |   -50.81 @      258 | CLK_DDR_PHY_pub_ctl_0                    : u_ddr_phy/dfi_address[8]
       5|      .     -0.76       .  |    -0.76 @      157 | CLK_DI_ISP                               : u_core/u_isp_top/u_isp_exp_v2_sram_wrapper/gen_rf_128x19_u_rf_128x19/A[2]
       6|      .     -0.72       .  |    -0.72 @      157 | CLK_DI_ISP                               : u_core/u_isp_top/u_r_lscram/gen_sram_512x24_u_sram_512x24/A[5]
       7|      .     -0.76       .  |    -0.76 @      157 | CLK_DI_ISP                               : u_core/u_isp_top/u_vsisp_marvin_top_x/u_vs_marvin_ramshell_1/u_isp_exp_v2_sram_wrapper/gen_rf_128x19_u_rf_128x19/A[2]
       8|      .     -0.72       .  |    -0.72 @      157 | CLK_DI_ISP                               : u_core/u_isp_top/u_vsisp_marvin_top_x/u_vs_marvin_ramshell_1/u_r_lscram/gen_sram_512x24_u_sram_512x24/A[5]
       9|      .     -0.82       .  |    -0.82 @      157 | CLK_DI_ISP                               : u_core/u_isp_top/u_vsisp_marvin_top_x/u_vs_marvin_ramshell_1/u_vsm_ram2a/gen_sram_960x32_u_sram_960x32/A[1]
      10|      .     -0.82       .  |    -0.82 @      157 | CLK_DI_ISP                               : u_core/u_isp_top/u_vsm_ram2a/gen_sram_960x32_u_sram_960x32/A[1]
      11|      .     -0.07       .  |    -0.07 @      157 | CLK_MCU                                  : u_core//u_amib_SRAM_FB_if0/u_r_chan_slice/u_ful_regd_slice/payload_reg_a_reg_21_/D
      12|      .     -0.24       .  |    -0.24 @      157 | CLK_MCU                                  : u_core//u_amib_SRAM_FB_if0/u_r_chan_slice/u_ful_regd_slice/payload_reg_a_reg_65_/D
      13|      .     -1.00       .  |    -1.00 @      157 | CLK_MCU                                  : u_core//u_amib_SRAM_FB_if0/u_r_chan_slice/u_ful_regd_slice/payload_reg_b_reg_14_/D
      14|      .     -0.87       .  |    -0.87 @      157 | CLK_MCU                                  : u_core//u_amib_SRAM_FB_if0/u_r_chan_slice/u_ful_regd_slice/payload_reg_b_reg_24_/D
      15|      .     -0.55       .  |    -0.55 @      157 | CLK_MCU                                  : u_core//u_amib_SRAM_FB_if0/u_r_chan_slice/u_ful_regd_slice/payload_reg_b_reg_41_/D
      16|      .     -0.13       .  |    -0.13 @      157 | CLK_MCU                                  : u_core//u_amib_SRAM_FB_if0/u_r_chan_slice/u_ful_regd_slice/payload_reg_b_reg_47_/D
      17|      .     -0.61       .  |    -0.61 @      157 | CLK_MCU                                  : u_core//u_amib_SRAM_FB_if0/u_r_chan_slice/u_ful_regd_slice/payload_reg_b_reg_58_/D
      18|      .     -1.47       .  |    -1.47 @      157 | CLK_MCU                                  : u_core//u_amib_SRAM_FB_if0/u_r_chan_slice/u_ful_regd_slice/payload_reg_b_reg_65_/D
      19|      .     -0.08       .  |    -0.08 @      157 | CLK_MCU                                  : u_core//u_amib_SRAM_FB_if0/u_r_chan_slice/u_rev_regd_slice/payload_reg_reg_36_/D
      20|      .     -0.33       .  |    -0.33 @      157 | CLK_MCU                                  : u_core//u_ib_apb_group1_ib_s/u_aw_slave_port_chan_slice/u_ful_regd_slice/payload_reg_a_reg_43_/D
      21|      .     -0.07       .  |    -0.07 @      157 | CLK_MCU                                  : u_core/u_ful_regd_slice/payload_reg_a_reg_21_/D
      22|      .     -0.33       .  |    -0.33 @      157 | CLK_MCU                                  : u_core/u_ful_regd_slice/payload_reg_a_reg_43_/D
      23|      .     -0.24       .  |    -0.24 @      157 | CLK_MCU                                  : u_core/u_ful_regd_slice/payload_reg_a_reg_65_/D
      24|      .     -1.00       .  |    -1.00 @      157 | CLK_MCU                                  : u_core/u_ful_regd_slice/payload_reg_b_reg_14_/D
      25|      .     -0.87       .  |    -0.87 @      157 | CLK_MCU                                  : u_core/u_ful_regd_slice/payload_reg_b_reg_24_/D
      26|      .     -0.55       .  |    -0.55 @      157 | CLK_MCU                                  : u_core/u_ful_regd_slice/payload_reg_b_reg_41_/D
      27|      .     -0.13       .  |    -0.13 @      157 | CLK_MCU                                  : u_core/u_ful_regd_slice/payload_reg_b_reg_47_/D
      28|      .     -0.61       .  |    -0.61 @      157 | CLK_MCU                                  : u_core/u_ful_regd_slice/payload_reg_b_reg_58_/D
      29|      .     -1.47       .  |    -1.47 @      157 | CLK_MCU                                  : u_core/u_ful_regd_slice/payload_reg_b_reg_65_/D
      30|      .     -0.08       .  |    -0.08 @      157 | CLK_MCU                                  : u_core/u_rev_regd_slice/payload_reg_reg_36_/D
      31|      .     -0.48       .  |    -0.48 @      157 | CLK_VAE                                  : u_core/u_fb_ctrl/gen_sram_8kx64_m8_u_sram_8kx64_m8/D[35]
      32|      .     -0.48       .  |    -0.48 @      157 | CLK_VAE                                  : u_core/u_fb_ctrl/u_fbc_sram_20/u_sram_wrap_fb/gen_sram_8kx64_m8_u_sram_8kx64_m8/D[35]
      33|      .     -0.76       .  |    -0.76 @      157 | CLK_VIDEO_DIV2_ISP                       : u_core/u_isp_top/gen_rf_128x19_u_rf_128x19/A[2]
      34|      .     -0.72       .  |    -0.72 @      157 | CLK_VIDEO_DIV2_ISP                       : u_core/u_isp_top/u_r_lscram/gen_sram_512x24_u_sram_512x24/A[5]
      35|      .     -0.76       .  |    -0.76 @      157 | CLK_VIDEO_DIV2_ISP                       : u_core/u_isp_top/u_vsisp_marvin_top_x/u_vs_marvin_ramshell_1/u_isp_exp_v2_sram_wrapper/gen_rf_128x19_u_rf_128x19/A[2]
      36|      .     -0.72       .  |    -0.72 @      157 | CLK_VIDEO_DIV2_ISP                       : u_core/u_isp_top/u_vsisp_marvin_top_x/u_vs_marvin_ramshell_1/u_r_lscram/gen_sram_512x24_u_sram_512x24/A[5]
      37|      .     -0.82       .  |    -0.82 @      157 | CLK_VIDEO_DIV2_ISP                       : u_core/u_isp_top/u_vsisp_marvin_top_x/u_vs_marvin_ramshell_1/u_vsm_ram2a/gen_sram_960x32_u_sram_960x32/A[1]
      38|      .     -0.82       .  |    -0.82 @      157 | CLK_VIDEO_DIV2_ISP                       : u_core/u_isp_top/u_vsm_ram2a/gen_sram_960x32_u_sram_960x32/A[1]
      39|      .     -0.76       .  |    -0.76 @      157 | CLK_VIDEO_ISP                            : u_core/u_isp_top/gen_rf_128x19_u_rf_128x19/A[2]
      40|      .     -0.72       .  |    -0.72 @      157 | CLK_VIDEO_ISP                            : u_core/u_isp_top/u_r_lscram/gen_sram_512x24_u_sram_512x24/A[5]
      41|      .     -0.76       .  |    -0.76 @      157 | CLK_VIDEO_ISP                            : u_core/u_isp_top/u_vsisp_marvin_top_x/u_vs_marvin_ramshell_1/u_isp_exp_v2_sram_wrapper/gen_rf_128x19_u_rf_128x19/A[2]
      42|      .     -0.72       .  |    -0.72 @      157 | CLK_VIDEO_ISP                            : u_core/u_isp_top/u_vsisp_marvin_top_x/u_vs_marvin_ramshell_1/u_r_lscram/gen_sram_512x24_u_sram_512x24/A[5]
      43|      .     -0.82       .  |    -0.82 @      157 | CLK_VIDEO_ISP                            : u_core/u_isp_top/u_vsisp_marvin_top_x/u_vs_marvin_ramshell_1/u_vsm_ram2a/gen_sram_960x32_u_sram_960x32/A[1]
      44|      .     -0.82       .  |    -0.82 @      157 | CLK_VIDEO_ISP                            : u_core/u_isp_top/u_vsm_ram2a/gen_sram_960x32_u_sram_960x32/A[1]
      45|      .     -0.50       .  |    -0.50 @      157 | CLK_VIP                                  : u_core/u_vip/rdDataAfifo/wrDataReg/out_reg_297_/D
      46|      .     -0.50       .  |    -0.50 @      157 | CLK_VIP                                  : u_core/u_vip/shtx/shp/nn/gc_sh_nn_sram/rdDataAfifo/wrDataReg/out_reg_297_/D
      47|      .     -0.07       .  |    -0.07 @      157 | CLK_XTAL_MCU                             : u_core//u_amib_SRAM_FB_if0/u_r_chan_slice/u_ful_regd_slice/payload_reg_a_reg_21_/D
      48|      .     -0.24       .  |    -0.24 @      157 | CLK_XTAL_MCU                             : u_core//u_amib_SRAM_FB_if0/u_r_chan_slice/u_ful_regd_slice/payload_reg_a_reg_65_/D
      49|      .     -1.00       .  |    -1.00 @      157 | CLK_XTAL_MCU                             : u_core//u_amib_SRAM_FB_if0/u_r_chan_slice/u_ful_regd_slice/payload_reg_b_reg_14_/D
      50|      .     -0.87       .  |    -0.87 @      157 | CLK_XTAL_MCU                             : u_core//u_amib_SRAM_FB_if0/u_r_chan_slice/u_ful_regd_slice/payload_reg_b_reg_24_/D
      51|      .     -0.55       .  |    -0.55 @      157 | CLK_XTAL_MCU                             : u_core//u_amib_SRAM_FB_if0/u_r_chan_slice/u_ful_regd_slice/payload_reg_b_reg_41_/D
      52|      .     -0.13       .  |    -0.13 @      157 | CLK_XTAL_MCU                             : u_core//u_amib_SRAM_FB_if0/u_r_chan_slice/u_ful_regd_slice/payload_reg_b_reg_47_/D
      53|      .     -0.61       .  |    -0.61 @      157 | CLK_XTAL_MCU                             : u_core//u_amib_SRAM_FB_if0/u_r_chan_slice/u_ful_regd_slice/payload_reg_b_reg_58_/D
      54|      .     -1.48       .  |    -1.48 @      157 | CLK_XTAL_MCU                             : u_core//u_amib_SRAM_FB_if0/u_r_chan_slice/u_ful_regd_slice/payload_reg_b_reg_65_/D
      55|      .     -0.08       .  |    -0.08 @      157 | CLK_XTAL_MCU                             : u_core//u_amib_SRAM_FB_if0/u_r_chan_slice/u_rev_regd_slice/payload_reg_reg_36_/D
      56|      .     -0.33       .  |    -0.33 @      157 | CLK_XTAL_MCU                             : u_core//u_ib_apb_group1_ib_s/u_aw_slave_port_chan_slice/u_ful_regd_slice/payload_reg_a_reg_43_/D
      57|      .     -0.07       .  |    -0.07 @      157 | CLK_XTAL_MCU                             : u_core/u_ful_regd_slice/payload_reg_a_reg_21_/D
      58|      .     -0.33       .  |    -0.33 @      157 | CLK_XTAL_MCU                             : u_core/u_ful_regd_slice/payload_reg_a_reg_43_/D
      59|      .     -0.24       .  |    -0.24 @      157 | CLK_XTAL_MCU                             : u_core/u_ful_regd_slice/payload_reg_a_reg_65_/D
      60|      .     -1.00       .  |    -1.00 @      157 | CLK_XTAL_MCU                             : u_core/u_ful_regd_slice/payload_reg_b_reg_14_/D
      61|      .     -0.87       .  |    -0.87 @      157 | CLK_XTAL_MCU                             : u_core/u_ful_regd_slice/payload_reg_b_reg_24_/D
      62|      .     -0.55       .  |    -0.55 @      157 | CLK_XTAL_MCU                             : u_core/u_ful_regd_slice/payload_reg_b_reg_41_/D
      63|      .     -0.13       .  |    -0.13 @      157 | CLK_XTAL_MCU                             : u_core/u_ful_regd_slice/payload_reg_b_reg_47_/D
      64|      .     -0.61       .  |    -0.61 @      157 | CLK_XTAL_MCU                             : u_core/u_ful_regd_slice/payload_reg_b_reg_58_/D
      65|      .     -1.48       .  |    -1.48 @      157 | CLK_XTAL_MCU                             : u_core/u_ful_regd_slice/payload_reg_b_reg_65_/D
      66|      .     -0.08       .  |    -0.08 @      157 | CLK_XTAL_MCU                             : u_core/u_rev_regd_slice/payload_reg_reg_36_/D
      67|      .     -1.05       .  |    -1.05 @      157 | clock_gating_default                     : u_core/u_spi/u_spi_txrx/clk_gate_buf_rxd_reg/latch/E
