###########################################################
# DQR LIBRARY ver.2020.07                                 #
###########################################################
INFO: DQR_HOME = /home/toolsadm/GITHOME/dqr
INFO: Loading 'LIB_HTML.tcl'...
INFO: Loading 'LIB_STA.tcl'...
INFO: Loading 'STA_CORNER.tcl'...
INFO: Loading 'LIB_WAIVE.tcl'...
INFO: Loading 'STA_PT.tcl'...
INFO: Loading 'LIB_STA.tcl'...
INFO: Loading 'STA_CLOCK.tcl'...
INFO: Loading 'STA_BLOCK.tcl'...
INFO: Loading 'STA_GROUP.tcl'...
-sta_check hold
-sta_check hold
STA_CHECK = hold
INFO: Reading config file '.dqr/sta.cfg'...
INFO: Reading corner table file '.dqr/sta.corner'...
CORNER:  000 => 000_TT
CORNER:  151 => 151_ML
CORNER:  157 => 157_BC
CORNER:  258 => 258_WC
INFO: Total 4 corners.

MODE: func hold
INFO: Parsing Timing Report Files (hold)...
(1) 157	157_BC	STA/func/157_BC/hold.rpt
	:   Report : constraint -path slack_only (Line# 2)
	:   min_delay/hold ('clock_gating_default' group)
	:   min_delay/hold ('CLK_DI_ISP' group)
	:   min_delay/hold ('CLK_MCU' group)
	:   min_delay/hold ('CLK_VAE' group)
	:   min_delay/hold ('CLK_VIDEO_DIV2_ISP' group)
	:   min_delay/hold ('CLK_VIDEO_ISP' group)
	:   min_delay/hold ('CLK_VIP' group)
	:   min_delay/hold ('CLK_XTAL_MCU' group)
	:   WNS = -1.48
	:   NVP = 33
	:   NMP = 0
	:   NWP = 0
INFO: Generating Slack Summary Report..
	: ========== ========== ========== ========== ==========================
	:       REAL     WAIVED        NVP        WNS PathGroup
	: ========== ========== ========== ========== ==========================
	:          2          0          2      -1.05  **clock_gating_default**
	:          3          0          3      -0.82  CLK_DI_ISP
	:         10          0         10      -1.47  CLK_MCU
	:          1          0          1      -0.48  CLK_VAE
	:          3          0          3      -0.82  CLK_VIDEO_DIV2_ISP
	:          3          0          3      -0.82  CLK_VIDEO_ISP
	:          1          0          1      -0.50  CLK_VIP
	:         10          0         10      -1.48  CLK_XTAL_MCU
(2) 258	258_WC	STA/func/258_WC/hold.rpt
	:   Report : constraint -verbose (Line# 2)
	:   Path# 3 , Line# 143
	:   WNS = -50.81
	:   NVP = 3
	:   NMP = 0
	:   NWP = 0
INFO: Generating Slack Summary Report..
	: ========== ========== ========== ========== ==========================
	:       REAL     WAIVED        NVP        WNS PathGroup
	: ========== ========== ========== ========== ==========================
	:          3          0          3     -50.81  CLK_DDR_PHY_pub_ctl_0
INFO: Generating Violation Statistics Graph (func/hold)...
	:uniq_end/func/hold.nvp_wns.png
INFO: Generating Violation Diff Chart (func/hold)...
	:uniq_end/func/hold.nvp_wns.diff.png
INFO: Generating Violation Diff Chart (func/hold)...
	:uniq_end/func/hold.nvp_wns.full.png

MODE: scan hold
INFO: Parsing Timing Report Files (hold)...
INFO: Generating Violation Statistics Graph (scan/hold)...
	:uniq_end/scan/hold.nvp_wns.png
INFO: Generating Violation Diff Chart (scan/hold)...
	:uniq_end/scan/hold.nvp_wns.diff.png
INFO: Generating Violation Diff Chart (scan/hold)...
	:uniq_end/scan/hold.nvp_wns.full.png
INFO(func): Merging slack files of multiple corners ...
(157)	: uniq_end/func/hold/157_BC.vio
(258)	: uniq_end/func/hold/258_WC.vio
INFO(func): Generating unique endpoint TEXT format report..
INFO(func): Generating unique endpoint HTML format report..
INFO(func): 10 Clocks
INFO(func): 2 blocks
INFO: Generating Slack Summary Report..
	: ========== ========== ========== ========== ==========================
	:       REAL     WAIVED        NVP        WNS PathGroup
	: ========== ========== ========== ========== ==========================
	:          1          0          1      -1.05  **clock_gating_default**
	:          3          0          3     -50.81  CLK_DDR_PHY_pub_ctl_0
	:          3          0          3      -0.82  CLK_DI_ISP
	:         10          0         10      -1.47  CLK_MCU
	:          1          0          1      -0.48  CLK_VAE
	:          3          0          3      -0.82  CLK_VIDEO_DIV2_ISP
	:          3          0          3      -0.82  CLK_VIDEO_ISP
	:          1          0          1      -0.50  CLK_VIP
	:         10          0         10      -1.48  CLK_XTAL_MCU
INFO(scan): Merging slack files of multiple corners ...
INFO(scan): Generating unique endpoint TEXT format report..
INFO(scan): Generating unique endpoint HTML format report..
INFO(scan): 10 Clocks
INFO(scan): 2 blocks
INFO: Generating Slack Summary Report..
	: ========== ========== ========== ========== ==========================
	:       REAL     WAIVED        NVP        WNS PathGroup
	: ========== ========== ========== ========== ==========================
INFO(func): Group slack files of multiple corners ...
uniq_end/func/hold/*.vio
(157)	: uniq_end/func/hold/157_BC.vio
(258)	: uniq_end/func/hold/258_WC.vio
INFO(func): 2 blocks
INFO(scan): Group slack files of multiple corners ...
uniq_end/scan/hold/*.vio
INFO(scan): 0 blocks
INFO: dqr_uniq_end Done...
